# JRE version: Java(TM) SE Runtime Environment (8.0_131-b11) (build 1.8.0_131-b11)
# Java VM: Java HotSpot(TM) 64-Bit Server VM (25.131-b11 mixed mode windows-amd64 compressed oops)
Heap:
 PSYoungGen      total 76288K, used 13513K [0x00000000f5580000, 0x00000000fc700000, 0x0000000100000000)
  eden space 65536K, 13% used [0x00000000f5580000,0x00000000f5de34a8,0x00000000f9580000)
  from space 10752K, 45% used [0x00000000f9580000,0x00000000f9a4f2f0,0x00000000fa000000)
  to   space 10752K, 0% used [0x00000000fa000000,0x00000000fa000000,0x00000000faa80000)
 ParOldGen       total 175104K, used 14954K [0x00000000e0000000, 0x00000000eab00000, 0x00000000f5580000)
  object space 175104K, 8% used [0x00000000e0000000,0x00000000e0e9abd8,0x00000000eab00000)
 Metaspace       used 37030K, capacity 38108K, committed 38144K, reserved 1081344K
  class space    used 5335K, capacity 5607K, committed 5632K, reserved 1048576K
GC Heap History (10 events):
Event: 10.569 GC heap before
{Heap before GC invocations=5 (full 1):
 PSYoungGen      total 76288K, used 65536K [0x00000000f5580000, 0x00000000faa80000, 0x0000000100000000)
  eden space 65536K, 100% used [0x00000000f5580000,0x00000000f9580000,0x00000000f9580000)
  from space 10752K, 0% used [0x00000000f9580000,0x00000000f9580000,0x00000000fa000000)
  to   space 10752K, 0% used [0x00000000fa000000,0x00000000fa000000,0x00000000faa80000)
 ParOldGen       total 175104K, used 11219K [0x00000000e0000000, 0x00000000eab00000, 0x00000000f5580000)
  object space 175104K, 6% used [0x00000000e0000000,0x00000000e0af4e98,0x00000000eab00000)
 Metaspace       used 28865K, capacity 29438K, committed 29824K, reserved 1075200K
  class space    used 3956K, capacity 4130K, committed 4224K, reserved 1048576K
Event: 10.584 GC heap after
Heap after GC invocations=5 (full 1):
 PSYoungGen      total 76288K, used 7810K [0x00000000f5580000, 0x00000000fc700000, 0x0000000100000000)
  eden space 65536K, 0% used [0x00000000f5580000,0x00000000f5580000,0x00000000f9580000)
  from space 10752K, 72% used [0x00000000fa000000,0x00000000fa7a0a70,0x00000000faa80000)
  to   space 10752K, 0% used [0x00000000f9580000,0x00000000f9580000,0x00000000fa000000)
 ParOldGen       total 175104K, used 11219K [0x00000000e0000000, 0x00000000eab00000, 0x00000000f5580000)
  object space 175104K, 6% used [0x00000000e0000000,0x00000000e0af4e98,0x00000000eab00000)
 Metaspace       used 28865K, capacity 29438K, committed 29824K, reserved 1075200K
  class space    used 3956K, capacity 4130K, committed 4224K, reserved 1048576K
}
Event: 12.172 GC heap before
{Heap before GC invocations=6 (full 1):
 PSYoungGen      total 76288K, used 73346K [0x00000000f5580000, 0x00000000fc700000, 0x0000000100000000)
  eden space 65536K, 100% used [0x00000000f5580000,0x00000000f9580000,0x00000000f9580000)
  from space 10752K, 72% used [0x00000000fa000000,0x00000000fa7a0a70,0x00000000faa80000)
  to   space 10752K, 0% used [0x00000000f9580000,0x00000000f9580000,0x00000000fa000000)
 ParOldGen       total 175104K, used 11219K [0x00000000e0000000, 0x00000000eab00000, 0x00000000f5580000)
  object space 175104K, 6% used [0x00000000e0000000,0x00000000e0af4e98,0x00000000eab00000)
 Metaspace       used 32224K, capacity 32782K, committed 33152K, reserved 1077248K
  class space    used 4514K, capacity 4687K, committed 4736K, reserved 1048576K
Event: 12.335 GC heap after
Heap after GC invocations=6 (full 1):
 PSYoungGen      total 76288K, used 8040K [0x00000000f5580000, 0x00000000fc700000, 0x0000000100000000)
  eden space 65536K, 0% used [0x00000000f5580000,0x00000000f5580000,0x00000000f9580000)
  from space 10752K, 74% used [0x00000000f9580000,0x00000000f9d5a3d0,0x00000000fa000000)
  to   space 10752K, 0% used [0x00000000fa000000,0x00000000fa000000,0x00000000faa80000)
 ParOldGen       total 175104K, used 11219K [0x00000000e0000000, 0x00000000eab00000, 0x00000000f5580000)
  object space 175104K, 6% used [0x00000000e0000000,0x00000000e0af4e98,0x00000000eab00000)
 Metaspace       used 32224K, capacity 32782K, committed 33152K, reserved 1077248K
  class space    used 4514K, capacity 4687K, committed 4736K, reserved 1048576K
}
Event: 13.647 GC heap before
{Heap before GC invocations=7 (full 1):
 PSYoungGen      total 76288K, used 54530K [0x00000000f5580000, 0x00000000fc700000, 0x0000000100000000)
  eden space 65536K, 70% used [0x00000000f5580000,0x00000000f82e67c8,0x00000000f9580000)
  from space 10752K, 74% used [0x00000000f9580000,0x00000000f9d5a3d0,0x00000000fa000000)
  to   space 10752K, 0% used [0x00000000fa000000,0x00000000fa000000,0x00000000faa80000)
 ParOldGen       total 175104K, used 11219K [0x00000000e0000000, 0x00000000eab00000, 0x00000000f5580000)
  object space 175104K, 6% used [0x00000000e0000000,0x00000000e0af4e98,0x00000000eab00000)
 Metaspace       used 34679K, capacity 35460K, committed 35496K, reserved 1079296K
  class space    used 4892K, capacity 5116K, committed 5120K, reserved 1048576K
Event: 13.661 GC heap after
Heap after GC invocations=7 (full 1):
 PSYoungGen      total 76288K, used 8430K [0x00000000f5580000, 0x00000000fc700000, 0x0000000100000000)
  eden space 65536K, 0% used [0x00000000f5580000,0x00000000f5580000,0x00000000f9580000)
  from space 10752K, 78% used [0x00000000fa000000,0x00000000fa83ba18,0x00000000faa80000)
  to   space 10752K, 0% used [0x00000000f9580000,0x00000000f9580000,0x00000000fa000000)
 ParOldGen       total 175104K, used 11227K [0x00000000e0000000, 0x00000000eab00000, 0x00000000f5580000)
  object space 175104K, 6% used [0x00000000e0000000,0x00000000e0af6e98,0x00000000eab00000)
 Metaspace       used 34679K, capacity 35460K, committed 35496K, reserved 1079296K
  class space    used 4892K, capacity 5116K, committed 5120K, reserved 1048576K
}
Event: 13.661 GC heap before
{Heap before GC invocations=8 (full 2):
 PSYoungGen      total 76288K, used 8430K [0x00000000f5580000, 0x00000000fc700000, 0x0000000100000000)
  eden space 65536K, 0% used [0x00000000f5580000,0x00000000f5580000,0x00000000f9580000)
  from space 10752K, 78% used [0x00000000fa000000,0x00000000fa83ba18,0x00000000faa80000)
  to   space 10752K, 0% used [0x00000000f9580000,0x00000000f9580000,0x00000000fa000000)
 ParOldGen       total 175104K, used 11227K [0x00000000e0000000, 0x00000000eab00000, 0x00000000f5580000)
  object space 175104K, 6% used [0x00000000e0000000,0x00000000e0af6e98,0x00000000eab00000)
 Metaspace       used 34679K, capacity 35460K, committed 35496K, reserved 1079296K
  class space    used 4892K, capacity 5116K, committed 5120K, reserved 1048576K
Event: 13.751 GC heap after
Heap after GC invocations=8 (full 2):
 PSYoungGen      total 76288K, used 0K [0x00000000f5580000, 0x00000000fc700000, 0x0000000100000000)
  eden space 65536K, 0% used [0x00000000f5580000,0x00000000f5580000,0x00000000f9580000)
  from space 10752K, 0% used [0x00000000fa000000,0x00000000fa000000,0x00000000faa80000)
  to   space 10752K, 0% used [0x00000000f9580000,0x00000000f9580000,0x00000000fa000000)
 ParOldGen       total 175104K, used 14954K [0x00000000e0000000, 0x00000000eab00000, 0x00000000f5580000)
  object space 175104K, 8% used [0x00000000e0000000,0x00000000e0e9abd8,0x00000000eab00000)
 Metaspace       used 34677K, capacity 35454K, committed 35496K, reserved 1079296K
  class space    used 4892K, capacity 5115K, committed 5120K, reserved 1048576K
}
Event: 14.308 GC heap before
{Heap before GC invocations=9 (full 2):
 PSYoungGen      total 76288K, used 65536K [0x00000000f5580000, 0x00000000fc700000, 0x0000000100000000)
  eden space 65536K, 100% used [0x00000000f5580000,0x00000000f9580000,0x00000000f9580000)
  from space 10752K, 0% used [0x00000000fa000000,0x00000000fa000000,0x00000000faa80000)
  to   space 10752K, 0% used [0x00000000f9580000,0x00000000f9580000,0x00000000fa000000)
 ParOldGen       total 175104K, used 14954K [0x00000000e0000000, 0x00000000eab00000, 0x00000000f5580000)
  object space 175104K, 8% used [0x00000000e0000000,0x00000000e0e9abd8,0x00000000eab00000)
 Metaspace       used 36592K, capacity 37614K, committed 37888K, reserved 1081344K
  class space    used 5274K, capacity 5510K, committed 5632K, reserved 1048576K
Event: 14.318 GC heap after
Heap after GC invocations=9 (full 2):
 PSYoungGen      total 76288K, used 4924K [0x00000000f5580000, 0x00000000fc700000, 0x0000000100000000)
  eden space 65536K, 0% used [0x00000000f5580000,0x00000000f5580000,0x00000000f9580000)
  from space 10752K, 45% used [0x00000000f9580000,0x00000000f9a4f2f0,0x00000000fa000000)
  to   space 10752K, 0% used [0x00000000fa000000,0x00000000fa000000,0x00000000faa80000)
 ParOldGen       total 175104K, used 14954K [0x00000000e0000000, 0x00000000eab00000, 0x00000000f5580000)
  object space 175104K, 8% used [0x00000000e0000000,0x00000000e0e9abd8,0x00000000eab00000)
 Metaspace       used 36592K, capacity 37614K, committed 37888K, reserved 1081344K
  class space    used 5274K, capacity 5510K, committed 5632K, reserved 1048576K
}

