# JRE version: Java(TM) SE Runtime Environment (8.0_131-b11) (build 1.8.0_131-b11)
# Java VM: Java HotSpot(TM) 64-Bit Server VM (25.131-b11 mixed mode windows-amd64 compressed oops)
Heap:
 PSYoungGen      total 119296K, used 50026K [0x00000000f5580000, 0x00000000fff00000, 0x0000000100000000)
  eden space 64000K, 78% used [0x00000000f5580000,0x00000000f865a880,0x00000000f9400000)
  from space 55296K, 0% used [0x00000000f9400000,0x00000000f9400000,0x00000000fca00000)
  to   space 54272K, 0% used [0x00000000fca00000,0x00000000fca00000,0x00000000fff00000)
 ParOldGen       total 296960K, used 103038K [0x00000000e0000000, 0x00000000f2200000, 0x00000000f5580000)
  object space 296960K, 34% used [0x00000000e0000000,0x00000000e649f860,0x00000000f2200000)
 Metaspace       used 142420K, capacity 153705K, committed 157224K, reserved 1185792K
  class space    used 19756K, capacity 22257K, committed 24104K, reserved 1048576K
GC Heap History (10 events):
Event: 1105.251 GC heap before
{Heap before GC invocations=30 (full 4):
 PSYoungGen      total 141312K, used 141280K [0x00000000f5580000, 0x0000000100000000, 0x0000000100000000)
  eden space 110080K, 100% used [0x00000000f5580000,0x00000000fc100000,0x00000000fc100000)
  from space 31232K, 99% used [0x00000000fc100000,0x00000000fdf78050,0x00000000fdf80000)
  to   space 33280K, 0% used [0x00000000fdf80000,0x00000000fdf80000,0x0000000100000000)
 ParOldGen       total 296960K, used 80198K [0x00000000e0000000, 0x00000000f2200000, 0x00000000f5580000)
  object space 296960K, 27% used [0x00000000e0000000,0x00000000e4e51888,0x00000000f2200000)
 Metaspace       used 125919K, capacity 139668K, committed 140072K, reserved 1167360K
  class space    used 17453K, capacity 21179K, committed 21288K, reserved 1048576K
Event: 1105.284 GC heap after
Heap after GC invocations=30 (full 4):
 PSYoungGen      total 99328K, used 33251K [0x00000000f5580000, 0x0000000100000000, 0x0000000100000000)
  eden space 66048K, 0% used [0x00000000f5580000,0x00000000f5580000,0x00000000f9600000)
  from space 33280K, 99% used [0x00000000fdf80000,0x00000000ffff8d00,0x0000000100000000)
  to   space 54272K, 0% used [0x00000000f9600000,0x00000000f9600000,0x00000000fcb00000)
 ParOldGen       total 296960K, used 110055K [0x00000000e0000000, 0x00000000f2200000, 0x00000000f5580000)
  object space 296960K, 37% used [0x00000000e0000000,0x00000000e6b79ee0,0x00000000f2200000)
 Metaspace       used 125919K, capacity 139668K, committed 140072K, reserved 1167360K
  class space    used 17453K, capacity 21179K, committed 21288K, reserved 1048576K
}
Event: 1105.969 GC heap before
{Heap before GC invocations=31 (full 4):
 PSYoungGen      total 99328K, used 99299K [0x00000000f5580000, 0x0000000100000000, 0x0000000100000000)
  eden space 66048K, 100% used [0x00000000f5580000,0x00000000f9600000,0x00000000f9600000)
  from space 33280K, 99% used [0x00000000fdf80000,0x00000000ffff8d00,0x0000000100000000)
  to   space 54272K, 0% used [0x00000000f9600000,0x00000000f9600000,0x00000000fcb00000)
 ParOldGen       total 296960K, used 110055K [0x00000000e0000000, 0x00000000f2200000, 0x00000000f5580000)
  object space 296960K, 37% used [0x00000000e0000000,0x00000000e6b79ee0,0x00000000f2200000)
 Metaspace       used 131303K, capacity 145100K, committed 145448K, reserved 1173504K
  class space    used 18346K, capacity 22024K, committed 22056K, reserved 1048576K
Event: 1105.997 GC heap after
Heap after GC invocations=31 (full 4):
 PSYoungGen      total 120320K, used 33778K [0x00000000f5580000, 0x0000000100000000, 0x0000000100000000)
  eden space 66048K, 0% used [0x00000000f5580000,0x00000000f5580000,0x00000000f9600000)
  from space 54272K, 62% used [0x00000000f9600000,0x00000000fb6fca88,0x00000000fcb00000)
  to   space 54272K, 0% used [0x00000000fcb00000,0x00000000fcb00000,0x0000000100000000)
 ParOldGen       total 296960K, used 115865K [0x00000000e0000000, 0x00000000f2200000, 0x00000000f5580000)
  object space 296960K, 39% used [0x00000000e0000000,0x00000000e7126758,0x00000000f2200000)
 Metaspace       used 131303K, capacity 145100K, committed 145448K, reserved 1173504K
  class space    used 18346K, capacity 22024K, committed 22056K, reserved 1048576K
}
Event: 1106.599 GC heap before
{Heap before GC invocations=32 (full 4):
 PSYoungGen      total 120320K, used 99826K [0x00000000f5580000, 0x0000000100000000, 0x0000000100000000)
  eden space 66048K, 100% used [0x00000000f5580000,0x00000000f9600000,0x00000000f9600000)
  from space 54272K, 62% used [0x00000000f9600000,0x00000000fb6fca88,0x00000000fcb00000)
  to   space 54272K, 0% used [0x00000000fcb00000,0x00000000fcb00000,0x0000000100000000)
 ParOldGen       total 296960K, used 115865K [0x00000000e0000000, 0x00000000f2200000, 0x00000000f5580000)
  object space 296960K, 39% used [0x00000000e0000000,0x00000000e7126758,0x00000000f2200000)
 Metaspace       used 136976K, capacity 151020K, committed 151208K, reserved 1177600K
  class space    used 19402K, capacity 23134K, committed 23208K, reserved 1048576K
Event: 1106.616 GC heap after
Heap after GC invocations=32 (full 4):
 PSYoungGen      total 118272K, used 35829K [0x00000000f5580000, 0x0000000100000000, 0x0000000100000000)
  eden space 64000K, 0% used [0x00000000f5580000,0x00000000f5580000,0x00000000f9400000)
  from space 54272K, 66% used [0x00000000fcb00000,0x00000000fedfd7f0,0x0000000100000000)
  to   space 55296K, 0% used [0x00000000f9400000,0x00000000f9400000,0x00000000fca00000)
 ParOldGen       total 296960K, used 115873K [0x00000000e0000000, 0x00000000f2200000, 0x00000000f5580000)
  object space 296960K, 39% used [0x00000000e0000000,0x00000000e7128758,0x00000000f2200000)
 Metaspace       used 136976K, capacity 151020K, committed 151208K, reserved 1177600K
  class space    used 19402K, capacity 23134K, committed 23208K, reserved 1048576K
}
Event: 1107.221 GC heap before
{Heap before GC invocations=33 (full 4):
 PSYoungGen      total 118272K, used 90674K [0x00000000f5580000, 0x0000000100000000, 0x0000000100000000)
  eden space 64000K, 85% used [0x00000000f5580000,0x00000000f8b0f198,0x00000000f9400000)
  from space 54272K, 66% used [0x00000000fcb00000,0x00000000fedfd7f0,0x0000000100000000)
  to   space 55296K, 0% used [0x00000000f9400000,0x00000000f9400000,0x00000000fca00000)
 ParOldGen       total 296960K, used 115873K [0x00000000e0000000, 0x00000000f2200000, 0x00000000f5580000)
  object space 296960K, 39% used [0x00000000e0000000,0x00000000e7128758,0x00000000f2200000)
 Metaspace       used 142133K, capacity 156178K, committed 156456K, reserved 1187840K
  class space    used 20048K, capacity 23775K, committed 23848K, reserved 1048576K
Event: 1107.243 GC heap after
Heap after GC invocations=33 (full 4):
 PSYoungGen      total 119296K, used 15900K [0x00000000f5580000, 0x00000000fff00000, 0x0000000100000000)
  eden space 64000K, 0% used [0x00000000f5580000,0x00000000f5580000,0x00000000f9400000)
  from space 55296K, 28% used [0x00000000f9400000,0x00000000fa3873b0,0x00000000fca00000)
  to   space 54272K, 0% used [0x00000000fca00000,0x00000000fca00000,0x00000000fff00000)
 ParOldGen       total 296960K, used 136452K [0x00000000e0000000, 0x00000000f2200000, 0x00000000f5580000)
  object space 296960K, 45% used [0x00000000e0000000,0x00000000e85410f0,0x00000000f2200000)
 Metaspace       used 142133K, capacity 156178K, committed 156456K, reserved 1187840K
  class space    used 20048K, capacity 23775K, committed 23848K, reserved 1048576K
}
Event: 1107.243 GC heap before
{Heap before GC invocations=34 (full 5):
 PSYoungGen      total 119296K, used 15900K [0x00000000f5580000, 0x00000000fff00000, 0x0000000100000000)
  eden space 64000K, 0% used [0x00000000f5580000,0x00000000f5580000,0x00000000f9400000)
  from space 55296K, 28% used [0x00000000f9400000,0x00000000fa3873b0,0x00000000fca00000)
  to   space 54272K, 0% used [0x00000000fca00000,0x00000000fca00000,0x00000000fff00000)
 ParOldGen       total 296960K, used 136452K [0x00000000e0000000, 0x00000000f2200000, 0x00000000f5580000)
  object space 296960K, 45% used [0x00000000e0000000,0x00000000e85410f0,0x00000000f2200000)
 Metaspace       used 142133K, capacity 156178K, committed 156456K, reserved 1187840K
  class space    used 20048K, capacity 23775K, committed 23848K, reserved 1048576K
Event: 1107.565 GC heap after
Heap after GC invocations=34 (full 5):
 PSYoungGen      total 119296K, used 0K [0x00000000f5580000, 0x00000000fff00000, 0x0000000100000000)
  eden space 64000K, 0% used [0x00000000f5580000,0x00000000f5580000,0x00000000f9400000)
  from space 55296K, 0% used [0x00000000f9400000,0x00000000f9400000,0x00000000fca00000)
  to   space 54272K, 0% used [0x00000000fca00000,0x00000000fca00000,0x00000000fff00000)
 ParOldGen       total 296960K, used 103038K [0x00000000e0000000, 0x00000000f2200000, 0x00000000f5580000)
  object space 296960K, 34% used [0x00000000e0000000,0x00000000e649f860,0x00000000f2200000)
 Metaspace       used 139198K, capacity 149622K, committed 156456K, reserved 1185792K
  class space    used 19271K, capacity 21639K, committed 23848K, reserved 1048576K
}

